<?xml version="1.0" encoding="UTF-8"?>
<!-- Generated by org.testng.reporters.JUnitReportReporter -->
<testsuite hostname="DESKTOP-9357BSF" failures="0" tests="4" name="api.test.UserTests2" time="7.321" errors="0" timestamp="2023-12-01T15:29:48 IST" skipped="0">
  <testcase classname="api.test.UserTests2" name="testPostUser" time="2.779"/>
  <testcase classname="api.test.UserTests2" name="testgetUserByName" time="1.190"/>
  <testcase classname="api.test.UserTests2" name="testUpdateUseByName" time="2.268"/>
  <testcase classname="api.test.UserTests2" name="testDeleteUserByName" time="1.084"/>
</testsuite> <!-- api.test.UserTests2 -->
