<?xml version="1.0" encoding="UTF-8"?>
<!-- Generated by org.testng.reporters.JUnitReportReporter -->
<testsuite hostname="DESKTOP-9357BSF" failures="0" tests="4" name="api.test.UserTests" time="7.902" errors="0" timestamp="2023-12-01T11:42:50 IST" skipped="0">
  <testcase classname="api.test.UserTests" name="testPostUser" time="2.874"/>
  <testcase classname="api.test.UserTests" name="testgetUserByName" time="1.284"/>
  <testcase classname="api.test.UserTests" name="testUpdateUseByName" time="2.496"/>
  <testcase classname="api.test.UserTests" name="testDeleteUserByName" time="1.248"/>
</testsuite> <!-- api.test.UserTests -->
