<?xml version="1.0" encoding="UTF-8"?>
<!-- Generated by org.testng.reporters.JUnitReportReporter -->
<testsuite hostname="DESKTOP-9357BSF" failures="0" tests="6" name="api.test.DDTest" time="7.249" errors="0" timestamp="2023-11-28T14:06:06 IST" skipped="0">
  <testcase classname="api.test.DDTest" name="testPostUser" time="1.150"/>
  <testcase classname="api.test.DDTest" name="testPostUser" time="1.277"/>
  <testcase classname="api.test.DDTest" name="testPostUser" time="1.256"/>
  <testcase classname="api.test.DDTest" name="testDeleteUserByName" time="1.280"/>
  <testcase classname="api.test.DDTest" name="testDeleteUserByName" time="1.055"/>
  <testcase classname="api.test.DDTest" name="testDeleteUserByName" time="1.231"/>
</testsuite> <!-- api.test.DDTest -->
