<?xml version="1.0" encoding="UTF-8"?>
<!-- Generated by org.testng.reporters.JUnitReportReporter -->
<testsuite hostname="DESKTOP-9357BSF" failures="0" tests="4" name="api.test.UserTests2" time="8.935" errors="0" timestamp="2023-12-01T16:42:35 IST" skipped="0">
  <testcase classname="api.test.UserTests2" name="testPostUser" time="2.680"/>
  <testcase classname="api.test.UserTests2" name="testgetUserByName" time="1.297"/>
  <testcase classname="api.test.UserTests2" name="testUpdateUseByName" time="3.645"/>
  <testcase classname="api.test.UserTests2" name="testDeleteUserByName" time="1.313"/>
</testsuite> <!-- api.test.UserTests2 -->
